<?xml version="1.0" encoding="UTF-8"?>
<!-- Generated by org.testng.reporters.JUnitReportReporter -->
<testsuite hostname="DESKTOP-3O9T5AI" failures="0" tests="1" name="synchronization.CustomWaitTest" time="423.645" errors="0" timestamp="2022-09-13T15:57:31 IST" skipped="0">
  <testcase classname="synchronization.CustomWaitTest" name="tc1" time="423.645"/>
  <system-out/>
</testsuite> <!-- synchronization.CustomWaitTest -->
