<?xml version="1.0" encoding="UTF-8"?>
<!-- Generated by org.testng.reporters.JUnitReportReporter -->
<testsuite hostname="DESKTOP-3O9T5AI" failures="0" tests="1" name="mavenScriptsTest.Demo2" time="0.030" errors="0" timestamp="2022-09-13T12:25:05 IST" skipped="0">
  <testcase classname="mavenScriptsTest.Demo2" name="test2" time="0.030"/>
  <system-out>
Selenium  </system-out>
</testsuite> <!-- mavenScriptsTest.Demo2 -->
