<?xml version="1.0" encoding="UTF-8"?>
<!-- Generated by org.testng.reporters.JUnitReportReporter -->
<testsuite hostname="DESKTOP-3O9T5AI" failures="0" tests="3" name="dataDriven.DataProviderDemo" time="22.358" errors="0" timestamp="2022-09-14T17:20:52 IST" skipped="0">
  <testcase classname="dataDriven.DataProviderDemo" name="test" time="6.653"/>
  <system-out/>
  <testcase classname="dataDriven.DataProviderDemo" name="test" time="8.940"/>
  <system-out/>
  <testcase classname="dataDriven.DataProviderDemo" name="test" time="6.765"/>
  <system-out/>
</testsuite> <!-- dataDriven.DataProviderDemo -->
