<?xml version="1.0" encoding="UTF-8"?>
<!-- Generated by org.testng.reporters.JUnitReportReporter -->
<testsuite hostname="DESKTOP-3O9T5AI" failures="0" tests="1" name="debugging.Test2" time="17.548" errors="0" timestamp="2022-09-13T15:31:38 IST" skipped="0">
  <testcase classname="debugging.Test2" name="tc1" time="17.548"/>
  <system-out/>
</testsuite> <!-- debugging.Test2 -->
