<?xml version="1.0" encoding="UTF-8"?>
<!-- Generated by org.testng.reporters.JUnitReportReporter -->
<testsuite hostname="DESKTOP-3O9T5AI" failures="0" tests="1" name="javaScript.Demo3" time="22.261" errors="0" timestamp="2022-09-13T23:30:48 IST" skipped="0">
  <testcase classname="javaScript.Demo3" name="tc1" time="22.261"/>
  <system-out/>
</testsuite> <!-- javaScript.Demo3 -->
