<?xml version="1.0" encoding="UTF-8"?>
<!-- Generated by org.testng.reporters.JUnitReportReporter -->
<testsuite hostname="DESKTOP-3O9T5AI" failures="0" tests="1" name="synchronization.FluentTest" time="24.766" errors="0" timestamp="2022-09-13T15:32:57 IST" skipped="0">
  <testcase classname="synchronization.FluentTest" name="tc1" time="24.766"/>
  <system-out/>
</testsuite> <!-- synchronization.FluentTest -->
