<?xml version="1.0" encoding="UTF-8"?>
<!-- Generated by org.testng.reporters.JUnitReportReporter -->
<testsuite hostname="DESKTOP-3O9T5AI" failures="0" tests="1" name="testNG.DistributedParallel" time="18.371" errors="0" timestamp="2022-09-14T16:02:47 IST" skipped="0">
  <testcase classname="testNG.DistributedParallel" name="tc0" time="18.371"/>
  <system-out/>
</testsuite> <!-- testNG.DistributedParallel -->
