<?xml version="1.0" encoding="UTF-8"?>
<!-- Generated by org.testng.reporters.JUnitReportReporter -->
<testsuite hostname="DESKTOP-3O9T5AI" failures="0" tests="1" name="testNG.Test1" time="11.419" errors="0" timestamp="2022-09-14T16:02:47 IST" skipped="0">
  <testcase classname="testNG.Test1" name="tc1" time="11.419"/>
  <system-out/>
</testsuite> <!-- testNG.Test1 -->
