<?xml version="1.0" encoding="UTF-8"?>
<!-- Generated by org.testng.reporters.JUnitReportReporter -->
<testsuite hostname="DESKTOP-3O9T5AI" failures="0" tests="1" name="AutoIt.Demo1" time="41.252" errors="0" timestamp="2022-09-14T11:56:43 IST" skipped="0">
  <testcase classname="AutoIt.Demo1" name="tc1" time="41.252"/>
  <system-out/>
</testsuite> <!-- AutoIt.Demo1 -->
