<?xml version="1.0" encoding="UTF-8"?>
<!-- Generated by org.testng.reporters.JUnitReportReporter -->
<testsuite hostname="DESKTOP-3O9T5AI" failures="0" tests="1" name="javaScript.Demo55" time="8.892" errors="0" timestamp="2022-09-14T08:23:23 IST" skipped="0">
  <testcase classname="javaScript.Demo55" name="tc1" time="8.892"/>
  <system-out/>
</testsuite> <!-- javaScript.Demo55 -->
