<?xml version="1.0" encoding="UTF-8"?>
<!-- Generated by org.testng.reporters.JUnitReportReporter -->
<testsuite hostname="DESKTOP-3O9T5AI" failures="0" tests="1" name="actions.Demo1" time="15.375" errors="0" timestamp="2022-09-14T09:23:05 IST" skipped="0">
  <testcase classname="actions.Demo1" name="tc1" time="15.375"/>
  <system-out/>
</testsuite> <!-- actions.Demo1 -->
