<?xml version="1.0" encoding="UTF-8"?>
<!-- Generated by org.testng.reporters.JUnitReportReporter -->
<testsuite hostname="DESKTOP-3O9T5AI" failures="0" tests="1" name="dataDriven.DatabaseData" time="0.597" errors="0" timestamp="2022-09-14T14:51:50 IST" skipped="0">
  <testcase classname="dataDriven.DatabaseData" name="getData" time="0.597"/>
  <system-out/>
</testsuite> <!-- dataDriven.DatabaseData -->
