<?xml version="1.0" encoding="UTF-8"?>
<!-- Generated by org.testng.reporters.JUnitReportReporter -->
<testsuite hostname="DESKTOP-3O9T5AI" failures="0" tests="1" name="mavenScriptsTest.Demo4" time="0.002" errors="0" timestamp="2022-09-13T12:25:05 IST" skipped="0">
  <testcase classname="mavenScriptsTest.Demo4" name="test4" time="0.002"/>
  <system-out>
Python  </system-out>
</testsuite> <!-- mavenScriptsTest.Demo4 -->
