<?xml version="1.0" encoding="UTF-8"?>
<!-- Generated by org.testng.reporters.JUnitReportReporter -->
<testsuite hostname="DESKTOP-3O9T5AI" failures="0" tests="1" name="dynamicXpath.Test1" time="44.388" errors="0" timestamp="2022-09-14T23:45:05 IST" skipped="0">
  <testcase classname="dynamicXpath.Test1" name="tc1" time="44.388"/>
  <system-out/>
</testsuite> <!-- dynamicXpath.Test1 -->
