<?xml version="1.0" encoding="UTF-8"?>
<!-- Generated by org.testng.reporters.JUnitReportReporter -->
<testsuite hostname="DESKTOP-3O9T5AI" failures="0" tests="1" name="mavenScriptsTest.Demo3" time="0.004" errors="0" timestamp="2022-09-13T12:25:05 IST" skipped="0">
  <testcase classname="mavenScriptsTest.Demo3" name="test3" time="0.004"/>
  <system-out>
ManuaTesting  </system-out>
</testsuite> <!-- mavenScriptsTest.Demo3 -->
