<?xml version="1.0" encoding="UTF-8"?>
<!-- Generated by org.testng.reporters.JUnitReportReporter -->
<testsuite hostname="DESKTOP-3O9T5AI" failures="0" tests="1" name="javaScript.Demo4" time="26.361" errors="0" timestamp="2022-09-14T08:08:57 IST" skipped="0">
  <testcase classname="javaScript.Demo4" name="tc1" time="26.361"/>
  <system-out/>
</testsuite> <!-- javaScript.Demo4 -->
