<?xml version="1.0" encoding="UTF-8"?>
<!-- Generated by org.testng.reporters.JUnitReportReporter -->
<testsuite hostname="DESKTOP-3O9T5AI" failures="0" tests="1" name="actions.Demo2" time="15.817" errors="0" timestamp="2022-09-14T09:33:32 IST" skipped="0">
  <testcase classname="actions.Demo2" name="tc1" time="15.817"/>
  <system-out/>
</testsuite> <!-- actions.Demo2 -->
