<?xml version="1.0" encoding="UTF-8"?>
<!-- Generated by org.testng.reporters.JUnitReportReporter -->
<testsuite hostname="DESKTOP-3O9T5AI" failures="0" tests="1" name="testNG.GroupsDemo" time="0.025" errors="0" timestamp="2022-09-14T17:14:49 IST" skipped="0">
  <testcase classname="testNG.GroupsDemo" name="tc4" time="0.025"/>
  <system-out>
tc4  </system-out>
</testsuite> <!-- testNG.GroupsDemo -->
